/*C64*/SET SCHEMA PUBLIC
DISCONNECT
/*C65*/SET SCHEMA PUBLIC
\u000a    alter table BookInfo \u000a        drop constraint FKpk44voiiwcirkc2941e4u0mfi
\u000a    alter table BookInfo_Tag \u000a        drop constraint FKd0mto54yvgmb0o4kidx02cv1s
\u000a    alter table BookInfo_Tag \u000a        drop constraint FKe3pk77modef1eftf3da11gubt
\u000a    alter table robotuser_profile \u000a        drop constraint FKfld0xhlmq824q54rjmgf6dvwg
\u000a    alter table robotuser_profile \u000a        drop constraint FKmlj7ivlykda5b7e6m7u1tqqk5
\u000a    drop table Author if exists
\u000a    drop table BookInfo if exists
\u000a    drop table BookInfo_Tag if exists
\u000a    drop table Profile if exists
\u000a    drop table RobotUser if exists
\u000a    drop table robotuser_profile if exists
\u000a    drop table Tag if exists
DISCONNECT
/*C66*/SET SCHEMA PUBLIC
\u000a    create table Author (\u000a        author_id bigint generated by default as identity (start with 1),\u000a        name varchar(255),\u000a        primary key (author_id)\u000a    )
\u000a    create table BookInfo (\u000a        BOOK_ID bigint generated by default as identity (start with 1),\u000a        description varchar(10000),\u000a        inputDate date,\u000a        library varchar(255),\u000a        price varchar(255),\u000a        title varchar(255),\u000a        url varchar(255),\u000a        author_id bigint,\u000a        primary key (BOOK_ID)\u000a    )
\u000a    create table BookInfo_Tag (\u000a        BookInfo_BOOK_ID bigint not null,\u000a        tags_ID bigint not null,\u000a        primary key (BookInfo_BOOK_ID, tags_ID)\u000a    )
\u000a    create table Profile (\u000a        ID bigint generated by default as identity (start with 1),\u000a        profileName varchar(255),\u000a        primary key (ID)\u000a    )
\u000a    create table RobotUser (\u000a        login varchar(255) not null,\u000a        firstName varchar(255),\u000a        lastName varchar(255),\u000a        password varchar(255),\u000a        primary key (login)\u000a    )
\u000a    create table robotuser_profile (\u000a        user_login varchar(255) not null,\u000a        profile_id bigint not null,\u000a        primary key (user_login, profile_id)\u000a    )
\u000a    create table Tag (\u000a        ID bigint generated by default as identity (start with 1),\u000a        tagName varchar(255),\u000a        primary key (ID)\u000a    )
\u000a    alter table BookInfo \u000a        add constraint FKpk44voiiwcirkc2941e4u0mfi \u000a        foreign key (author_id) \u000a        references Author
\u000a    alter table BookInfo_Tag \u000a        add constraint FKd0mto54yvgmb0o4kidx02cv1s \u000a        foreign key (tags_ID) \u000a        references Tag
\u000a    alter table BookInfo_Tag \u000a        add constraint FKe3pk77modef1eftf3da11gubt \u000a        foreign key (BookInfo_BOOK_ID) \u000a        references BookInfo
\u000a    alter table robotuser_profile \u000a        add constraint FKfld0xhlmq824q54rjmgf6dvwg \u000a        foreign key (profile_id) \u000a        references Profile
\u000a    alter table robotuser_profile \u000a        add constraint FKmlj7ivlykda5b7e6m7u1tqqk5 \u000a        foreign key (user_login) \u000a        references RobotUser
DISCONNECT
/*C67*/SET SCHEMA PUBLIC
INSERT INTO AUTHOR VALUES(1,'Mi\u0142oszewski Zygmunt')
COMMIT
DISCONNECT
/*C68*/SET SCHEMA PUBLIC
DISCONNECT
/*C69*/SET SCHEMA PUBLIC
INSERT INTO AUTHOR VALUES(2,'Mishani Dror A')
COMMIT
DISCONNECT
/*C70*/SET SCHEMA PUBLIC
DISCONNECT
/*C71*/SET SCHEMA PUBLIC
DISCONNECT
/*C72*/SET SCHEMA PUBLIC
\u000a    alter table BookInfo \u000a        drop constraint FKpk44voiiwcirkc2941e4u0mfi
\u000a    alter table BookInfo_Tag \u000a        drop constraint FKd0mto54yvgmb0o4kidx02cv1s
\u000a    alter table BookInfo_Tag \u000a        drop constraint FKe3pk77modef1eftf3da11gubt
\u000a    alter table robotuser_profile \u000a        drop constraint FKfld0xhlmq824q54rjmgf6dvwg
\u000a    alter table robotuser_profile \u000a        drop constraint FKmlj7ivlykda5b7e6m7u1tqqk5
\u000a    drop table Author if exists
\u000a    drop table BookInfo if exists
\u000a    drop table BookInfo_Tag if exists
\u000a    drop table Profile if exists
\u000a    drop table RobotUser if exists
\u000a    drop table robotuser_profile if exists
\u000a    drop table Tag if exists
DISCONNECT
/*C73*/SET SCHEMA PUBLIC
\u000a    create table Author (\u000a        author_id bigint generated by default as identity (start with 1),\u000a        name varchar(255),\u000a        primary key (author_id)\u000a    )
\u000a    create table BookInfo (\u000a        BOOK_ID bigint generated by default as identity (start with 1),\u000a        description varchar(10000),\u000a        inputDate date,\u000a        library varchar(255),\u000a        price varchar(255),\u000a        title varchar(255),\u000a        url varchar(255),\u000a        author_id bigint,\u000a        primary key (BOOK_ID)\u000a    )
\u000a    create table BookInfo_Tag (\u000a        BookInfo_BOOK_ID bigint not null,\u000a        tags_ID bigint not null,\u000a        primary key (BookInfo_BOOK_ID, tags_ID)\u000a    )
\u000a    create table Profile (\u000a        ID bigint generated by default as identity (start with 1),\u000a        profileName varchar(255),\u000a        primary key (ID)\u000a    )
\u000a    create table RobotUser (\u000a        login varchar(255) not null,\u000a        firstName varchar(255),\u000a        lastName varchar(255),\u000a        password varchar(255),\u000a        primary key (login)\u000a    )
\u000a    create table robotuser_profile (\u000a        user_login varchar(255) not null,\u000a        profile_id bigint not null,\u000a        primary key (user_login, profile_id)\u000a    )
\u000a    create table Tag (\u000a        ID bigint generated by default as identity (start with 1),\u000a        tagName varchar(255),\u000a        primary key (ID)\u000a    )
\u000a    alter table BookInfo \u000a        add constraint FKpk44voiiwcirkc2941e4u0mfi \u000a        foreign key (author_id) \u000a        references Author
\u000a    alter table BookInfo_Tag \u000a        add constraint FKd0mto54yvgmb0o4kidx02cv1s \u000a        foreign key (tags_ID) \u000a        references Tag
\u000a    alter table BookInfo_Tag \u000a        add constraint FKe3pk77modef1eftf3da11gubt \u000a        foreign key (BookInfo_BOOK_ID) \u000a        references BookInfo
\u000a    alter table robotuser_profile \u000a        add constraint FKfld0xhlmq824q54rjmgf6dvwg \u000a        foreign key (profile_id) \u000a        references Profile
\u000a    alter table robotuser_profile \u000a        add constraint FKmlj7ivlykda5b7e6m7u1tqqk5 \u000a        foreign key (user_login) \u000a        references RobotUser
DISCONNECT
/*C74*/SET SCHEMA PUBLIC
DISCONNECT
/*C75*/SET SCHEMA PUBLIC
\u000a    alter table BookInfo \u000a        drop constraint FKpk44voiiwcirkc2941e4u0mfi
\u000a    alter table BookInfo_Tag \u000a        drop constraint FKd0mto54yvgmb0o4kidx02cv1s
\u000a    alter table BookInfo_Tag \u000a        drop constraint FKe3pk77modef1eftf3da11gubt
\u000a    alter table robotuser_profile \u000a        drop constraint FKfld0xhlmq824q54rjmgf6dvwg
\u000a    alter table robotuser_profile \u000a        drop constraint FKmlj7ivlykda5b7e6m7u1tqqk5
\u000a    drop table Author if exists
\u000a    drop table BookInfo if exists
\u000a    drop table BookInfo_Tag if exists
\u000a    drop table Profile if exists
\u000a    drop table RobotUser if exists
\u000a    drop table robotuser_profile if exists
\u000a    drop table Tag if exists
DISCONNECT
/*C76*/SET SCHEMA PUBLIC
\u000a    create table Author (\u000a        author_id bigint generated by default as identity (start with 1),\u000a        name varchar(255),\u000a        primary key (author_id)\u000a    )
\u000a    create table BookInfo (\u000a        BOOK_ID bigint generated by default as identity (start with 1),\u000a        description varchar(10000),\u000a        inputDate date,\u000a        library varchar(255),\u000a        price varchar(255),\u000a        title varchar(255),\u000a        url varchar(255),\u000a        author_id bigint,\u000a        primary key (BOOK_ID)\u000a    )
\u000a    create table BookInfo_Tag (\u000a        BookInfo_BOOK_ID bigint not null,\u000a        tags_ID bigint not null,\u000a        primary key (BookInfo_BOOK_ID, tags_ID)\u000a    )
\u000a    create table Profile (\u000a        ID bigint generated by default as identity (start with 1),\u000a        profileName varchar(255),\u000a        primary key (ID)\u000a    )
\u000a    create table RobotUser (\u000a        login varchar(255) not null,\u000a        firstName varchar(255),\u000a        lastName varchar(255),\u000a        password varchar(255),\u000a        primary key (login)\u000a    )
\u000a    create table robotuser_profile (\u000a        user_login varchar(255) not null,\u000a        profile_id bigint not null,\u000a        primary key (user_login, profile_id)\u000a    )
\u000a    create table Tag (\u000a        ID bigint generated by default as identity (start with 1),\u000a        tagName varchar(255),\u000a        primary key (ID)\u000a    )
\u000a    alter table BookInfo \u000a        add constraint FKpk44voiiwcirkc2941e4u0mfi \u000a        foreign key (author_id) \u000a        references Author
\u000a    alter table BookInfo_Tag \u000a        add constraint FKd0mto54yvgmb0o4kidx02cv1s \u000a        foreign key (tags_ID) \u000a        references Tag
\u000a    alter table BookInfo_Tag \u000a        add constraint FKe3pk77modef1eftf3da11gubt \u000a        foreign key (BookInfo_BOOK_ID) \u000a        references BookInfo
\u000a    alter table robotuser_profile \u000a        add constraint FKfld0xhlmq824q54rjmgf6dvwg \u000a        foreign key (profile_id) \u000a        references Profile
\u000a    alter table robotuser_profile \u000a        add constraint FKmlj7ivlykda5b7e6m7u1tqqk5 \u000a        foreign key (user_login) \u000a        references RobotUser
DISCONNECT
/*C77*/SET SCHEMA PUBLIC
INSERT INTO AUTHOR VALUES(1,'Nishant Neeraj')
COMMIT
DISCONNECT
/*C78*/SET SCHEMA PUBLIC
DISCONNECT
/*C79*/SET SCHEMA PUBLIC
DISCONNECT
/*C80*/SET SCHEMA PUBLIC
\u000a    alter table BookInfo \u000a        drop constraint FKpk44voiiwcirkc2941e4u0mfi
\u000a    alter table BookInfo_Tag \u000a        drop constraint FKd0mto54yvgmb0o4kidx02cv1s
\u000a    alter table BookInfo_Tag \u000a        drop constraint FKe3pk77modef1eftf3da11gubt
\u000a    alter table robotuser_profile \u000a        drop constraint FKfld0xhlmq824q54rjmgf6dvwg
\u000a    alter table robotuser_profile \u000a        drop constraint FKmlj7ivlykda5b7e6m7u1tqqk5
\u000a    drop table Author if exists
\u000a    drop table BookInfo if exists
\u000a    drop table BookInfo_Tag if exists
\u000a    drop table Profile if exists
\u000a    drop table RobotUser if exists
\u000a    drop table robotuser_profile if exists
\u000a    drop table Tag if exists
DISCONNECT
/*C81*/SET SCHEMA PUBLIC
\u000a    create table Author (\u000a        author_id bigint generated by default as identity (start with 1),\u000a        name varchar(255),\u000a        primary key (author_id)\u000a    )
\u000a    create table BookInfo (\u000a        BOOK_ID bigint generated by default as identity (start with 1),\u000a        description varchar(10000),\u000a        inputDate date,\u000a        library varchar(255),\u000a        price varchar(255),\u000a        title varchar(255),\u000a        url varchar(255),\u000a        author_id bigint,\u000a        primary key (BOOK_ID)\u000a    )
\u000a    create table BookInfo_Tag (\u000a        BookInfo_BOOK_ID bigint not null,\u000a        tags_ID bigint not null,\u000a        primary key (BookInfo_BOOK_ID, tags_ID)\u000a    )
\u000a    create table Profile (\u000a        ID bigint generated by default as identity (start with 1),\u000a        profileName varchar(255),\u000a        primary key (ID)\u000a    )
\u000a    create table RobotUser (\u000a        login varchar(255) not null,\u000a        firstName varchar(255),\u000a        lastName varchar(255),\u000a        password varchar(255),\u000a        primary key (login)\u000a    )
\u000a    create table robotuser_profile (\u000a        user_login varchar(255) not null,\u000a        profile_id bigint not null,\u000a        primary key (user_login, profile_id)\u000a    )
\u000a    create table Tag (\u000a        ID bigint generated by default as identity (start with 1),\u000a        tagName varchar(255),\u000a        primary key (ID)\u000a    )
\u000a    alter table BookInfo \u000a        add constraint FKpk44voiiwcirkc2941e4u0mfi \u000a        foreign key (author_id) \u000a        references Author
\u000a    alter table BookInfo_Tag \u000a        add constraint FKd0mto54yvgmb0o4kidx02cv1s \u000a        foreign key (tags_ID) \u000a        references Tag
\u000a    alter table BookInfo_Tag \u000a        add constraint FKe3pk77modef1eftf3da11gubt \u000a        foreign key (BookInfo_BOOK_ID) \u000a        references BookInfo
\u000a    alter table robotuser_profile \u000a        add constraint FKfld0xhlmq824q54rjmgf6dvwg \u000a        foreign key (profile_id) \u000a        references Profile
\u000a    alter table robotuser_profile \u000a        add constraint FKmlj7ivlykda5b7e6m7u1tqqk5 \u000a        foreign key (user_login) \u000a        references RobotUser
DISCONNECT
/*C82*/SET SCHEMA PUBLIC
INSERT INTO AUTHOR VALUES(1,'Arlene Blum')
COMMIT
DISCONNECT
/*C83*/SET SCHEMA PUBLIC
DISCONNECT
/*C84*/SET SCHEMA PUBLIC
INSERT INTO AUTHOR VALUES(2,'Brandon Mull')
COMMIT
DISCONNECT
/*C85*/SET SCHEMA PUBLIC
DISCONNECT
/*C86*/SET SCHEMA PUBLIC
DISCONNECT
/*C87*/SET SCHEMA PUBLIC
\u000a    alter table BookInfo \u000a        drop constraint FKpk44voiiwcirkc2941e4u0mfi
\u000a    alter table BookInfo_Tag \u000a        drop constraint FKd0mto54yvgmb0o4kidx02cv1s
\u000a    alter table BookInfo_Tag \u000a        drop constraint FKe3pk77modef1eftf3da11gubt
\u000a    alter table robotuser_profile \u000a        drop constraint FKfld0xhlmq824q54rjmgf6dvwg
\u000a    alter table robotuser_profile \u000a        drop constraint FKmlj7ivlykda5b7e6m7u1tqqk5
\u000a    drop table Author if exists
\u000a    drop table BookInfo if exists
\u000a    drop table BookInfo_Tag if exists
\u000a    drop table Profile if exists
\u000a    drop table RobotUser if exists
\u000a    drop table robotuser_profile if exists
\u000a    drop table Tag if exists
DISCONNECT
/*C88*/SET SCHEMA PUBLIC
\u000a    create table Author (\u000a        author_id bigint generated by default as identity (start with 1),\u000a        name varchar(255),\u000a        primary key (author_id)\u000a    )
\u000a    create table BookInfo (\u000a        BOOK_ID bigint generated by default as identity (start with 1),\u000a        description varchar(10000),\u000a        inputDate date,\u000a        library varchar(255),\u000a        price varchar(255),\u000a        title varchar(255),\u000a        url varchar(255),\u000a        author_id bigint,\u000a        primary key (BOOK_ID)\u000a    )
\u000a    create table BookInfo_Tag (\u000a        BookInfo_BOOK_ID bigint not null,\u000a        tags_ID bigint not null,\u000a        primary key (BookInfo_BOOK_ID, tags_ID)\u000a    )
\u000a    create table Profile (\u000a        ID bigint generated by default as identity (start with 1),\u000a        profileName varchar(255),\u000a        primary key (ID)\u000a    )
\u000a    create table RobotUser (\u000a        login varchar(255) not null,\u000a        firstName varchar(255),\u000a        lastName varchar(255),\u000a        password varchar(255),\u000a        primary key (login)\u000a    )
\u000a    create table robotuser_profile (\u000a        user_login varchar(255) not null,\u000a        profile_id bigint not null,\u000a        primary key (user_login, profile_id)\u000a    )
\u000a    create table Tag (\u000a        ID bigint generated by default as identity (start with 1),\u000a        tagName varchar(255),\u000a        primary key (ID)\u000a    )
\u000a    alter table BookInfo \u000a        add constraint FKpk44voiiwcirkc2941e4u0mfi \u000a        foreign key (author_id) \u000a        references Author
\u000a    alter table BookInfo_Tag \u000a        add constraint FKd0mto54yvgmb0o4kidx02cv1s \u000a        foreign key (tags_ID) \u000a        references Tag
\u000a    alter table BookInfo_Tag \u000a        add constraint FKe3pk77modef1eftf3da11gubt \u000a        foreign key (BookInfo_BOOK_ID) \u000a        references BookInfo
\u000a    alter table robotuser_profile \u000a        add constraint FKfld0xhlmq824q54rjmgf6dvwg \u000a        foreign key (profile_id) \u000a        references Profile
\u000a    alter table robotuser_profile \u000a        add constraint FKmlj7ivlykda5b7e6m7u1tqqk5 \u000a        foreign key (user_login) \u000a        references RobotUser
DISCONNECT
/*C89*/SET SCHEMA PUBLIC
INSERT INTO AUTHOR VALUES(1,'Richard Banfield C. Todd Lombardo Trace Wax')
COMMIT
DISCONNECT
/*C90*/SET SCHEMA PUBLIC
DISCONNECT
